2021-08-09 17:11:00.995  INFO 46982 --- [main] lavalink.server.Launcher                 : 

[32m       .  [31m _                  _ _       _    [32m__ _ _
[32m      /\\ [31m| | __ ___   ____ _| (_)_ __ | | __[32m\ \ \ \
[32m     ( ( )[31m| |/ _` \ \ / / _` | | | '_ \| |/ /[32m \ \ \ \
[32m      \\/ [31m| | (_| |\ V / (_| | | | | | |   < [32m  ) ) ) )
[32m       '  [31m|_|\__,_| \_/ \__,_|_|_|_| |_|_|\_\[32m / / / /
[0m    =========================================[32m/_/_/_/[0m

	Version:        3.3.2.3
	Build:          1237
	Build time:     02.08.2021 17:21:29 UTC
	Branch          AnotherAgeRestrictionFix
	Commit:         7f9925c
	Commit time:    17.02.2021 23:18:16 UTC
	JVM:            11.0.12
	Lavaplayer      1.3.78

2021-08-09 17:11:01.183  INFO 46982 --- [main] lavalink.server.Launcher                 : Starting Launcher on localhost.localdomain with PID 46982 (/home/prasid/Devlopment/dark-music/Lavalink.jar started by prasid in /home/prasid/Devlopment/dark-music)
2021-08-09 17:11:01.184  INFO 46982 --- [main] lavalink.server.Launcher                 : No active profile set, falling back to default profiles: default
2021-08-09 17:11:01.473  WARN 46982 --- [background-preinit] o.s.h.c.j.Jackson2ObjectMapperBuilder    : For Jackson Kotlin classes support please add "com.fasterxml.jackson.module:jackson-module-kotlin" to the classpath
2021-08-09 17:11:03.842  WARN 46982 --- [main] io.undertow.websockets.jsr               : UT026010: Buffer pool was not set on WebSocketDeploymentInfo, the default pool will be used
2021-08-09 17:11:03.891  INFO 46982 --- [main] io.undertow.servlet                      : Initializing Spring embedded WebApplicationContext
2021-08-09 17:11:03.892  INFO 46982 --- [main] o.s.web.context.ContextLoader            : Root WebApplicationContext: initialization completed in 2438 ms
2021-08-09 17:11:04.606  WARN 46982 --- [main] l.server.config.SentryConfiguration      : Turning off sentry
2021-08-09 17:11:05.721  INFO 46982 --- [main] c.s.d.l.tools.GarbageCollectionMonitor   : GC monitoring enabled, reporting results every 2 minutes.
2021-08-09 17:11:05.968  INFO 46982 --- [main] lavalink.server.config.KoeConfiguration  : OS: Linux, Arch: amd64
2021-08-09 17:11:05.969  INFO 46982 --- [main] lavalink.server.config.KoeConfiguration  : Enabling JDA-NAS
2021-08-09 17:11:05.976  INFO 46982 --- [main] c.s.l.c.natives.NativeLibraryLoader      : Native library udpqueue: loading with filter null
2021-08-09 17:11:06.010  INFO 46982 --- [main] c.s.l.c.natives.NativeLibraryLoader      : Native library udpqueue: successfully loaded.
2021-08-09 17:11:06.359  INFO 46982 --- [main] o.s.s.concurrent.ThreadPoolTaskExecutor  : Initializing ExecutorService 'applicationTaskExecutor'
2021-08-09 17:11:06.981  INFO 46982 --- [main] org.xnio                                 : XNIO version 3.3.8.Final
2021-08-09 17:11:06.997  INFO 46982 --- [main] org.xnio.nio                             : XNIO NIO Implementation Version 3.3.8.Final
2021-08-09 17:11:07.132  INFO 46982 --- [main] o.s.b.w.e.u.UndertowServletWebServer     : Undertow started on port(s) 7000 (http) with context path ''
2021-08-09 17:11:07.141  INFO 46982 --- [main] lavalink.server.Launcher                 : Started Launcher in 7.993 seconds (JVM running for 9.813)
2021-08-09 17:11:07.144  INFO 46982 --- [main] lavalink.server.Launcher                 : You can safely ignore the big red warning about illegal reflection. See https://github.com/Frederikam/Lavalink/issues/295
2021-08-09 17:11:34.774  INFO 46982 --- [XNIO-1 task-1] io.undertow.servlet                      : Initializing Spring DispatcherServlet 'dispatcherServlet'
2021-08-09 17:11:34.775  INFO 46982 --- [XNIO-1 task-1] o.s.web.servlet.DispatcherServlet        : Initializing Servlet 'dispatcherServlet'
2021-08-09 17:11:34.788  INFO 46982 --- [XNIO-1 task-1] o.s.web.servlet.DispatcherServlet        : Completed initialization in 12 ms
2021-08-09 17:11:34.846  INFO 46982 --- [XNIO-1 task-1] l.server.io.HandshakeInterceptorImpl     : Incoming connection from /127.0.0.1:49092
2021-08-09 17:11:34.992  INFO 46982 --- [XNIO-1 task-1] lavalink.server.io.SocketServer          : Connection successfully established from /127.0.0.1:49092
2021-08-09 17:14:03.959  INFO 46982 --- [XNIO-1 I/O-1] lavalink.server.io.SocketServer          : Connection closed from /127.0.0.1:49092 -- CloseStatus[code=1006, reason=]
2021-08-09 17:14:03.959  INFO 46982 --- [XNIO-1 I/O-1] lavalink.server.io.SocketContext         : Shutting down 0 playing players.
2021-08-09 17:14:14.720  INFO 46982 --- [XNIO-1 task-2] l.server.io.HandshakeInterceptorImpl     : Incoming connection from /127.0.0.1:49202
2021-08-09 17:14:14.726  INFO 46982 --- [XNIO-1 task-2] lavalink.server.io.SocketServer          : Connection successfully established from /127.0.0.1:49202
2021-08-09 17:14:59.895  INFO 46982 --- [XNIO-1 I/O-3] lavalink.server.io.SocketServer          : Connection closed from /127.0.0.1:49202 -- CloseStatus[code=1006, reason=]
2021-08-09 17:14:59.896  INFO 46982 --- [XNIO-1 I/O-3] lavalink.server.io.SocketContext         : Shutting down 0 playing players.
2021-08-09 17:15:03.410  INFO 46982 --- [XNIO-1 task-3] l.server.io.HandshakeInterceptorImpl     : Incoming connection from /127.0.0.1:49224
2021-08-09 17:15:03.415  INFO 46982 --- [XNIO-1 task-3] lavalink.server.io.SocketServer          : Connection successfully established from /127.0.0.1:49224
2021-08-09 17:16:23.951  INFO 46982 --- [XNIO-1 I/O-1] lavalink.server.io.SocketServer          : {"op":"volume","guildId":"830061600458801213","volume":50}
2021-08-09 17:16:23.973  INFO 46982 --- [XNIO-1 I/O-1] lavalink.server.io.SocketServer          : {"op":"equalizer","guildId":"830061600458801213","bands":[{"band":0,"gain":0.25},{"band":1,"gain":0.025},{"band":2,"gain":0.0125},{"band":3,"gain":0},{"band":4,"gain":0},{"band":5,"gain":-0.0125},{"band":6,"gain":-0.025},{"band":7,"gain":-0.0175},{"band":8,"gain":0},{"band":9,"gain":0},{"band":10,"gain":0.0125},{"band":11,"gain":0.025},{"band":12,"gain":0.25},{"band":13,"gain":0.125},{"band":14,"gain":0.125}]}
2021-08-09 17:16:23.975  INFO 46982 --- [XNIO-1 I/O-1] lavalink.server.io.SocketServer          : {"op":"volume","guildId":"830061600458801213","volume":100}
2021-08-09 17:16:23.976  INFO 46982 --- [XNIO-1 I/O-1] lavalink.server.io.SocketServer          : {"op":"stop","guildId":"830061600458801213"}
2021-08-09 17:16:24.008  INFO 46982 --- [XNIO-1 task-4] l.server.player.AudioLoaderRestHandler   : Got request to load for identifier "ytsearch:jarico"
2021-08-09 17:16:24.489  INFO 46982 --- [XNIO-1 I/O-1] lavalink.server.io.SocketServer          : {"sessionId":"e996cdbd7a58f0f887a7c4b2ad8d052d","op":"voiceUpdate","guildId":"830061600458801213","event":{"token":"d7e55c4c16b7fb02","guild_id":"830061600458801213","endpoint":"india10009.discord.media:443"}}
2021-08-09 17:16:25.429  INFO 46982 --- [XNIO-1 I/O-1] lavalink.server.io.SocketServer          : {"sessionId":"e996cdbd7a58f0f887a7c4b2ad8d052d","op":"voiceUpdate","guildId":"830061600458801213","event":{"token":"d7e55c4c16b7fb02","guild_id":"830061600458801213","endpoint":"india10009.discord.media:443"}}
2021-08-09 17:16:26.579  INFO 46982 --- [lava-daemon-pool-info-loader-2-thread-1] lavalink.server.player.AudioLoader       : Loaded playlist Search results for: jarico
2021-08-09 17:16:26.643  INFO 46982 --- [XNIO-1 I/O-1] lavalink.server.io.SocketServer          : {"op":"play","guildId":"830061600458801213","track":"QAAAtwIAQFRvcCAyMCBKYXJpY28gU29uZ3MgfHwgQmVzdCBNdXNpYyBPZiBKYXJpY28gfHwgSmFyaWNvIE11c2ljIDIwMTkAHU5vIENvcHlyaWdodCBTb3VuZHMgLSBCZXN0IE9GAAAAAABBlRAAC3NVWUFHTXRDWHBrAAEAK2h0dHBzOi8vd3d3LnlvdXR1YmUuY29tL3dhdGNoP3Y9c1VZQUdNdENYcGsAB3lvdXR1YmUAAAAAAAAAAA=="}
2021-08-09 17:16:29.865  INFO 46982 --- [lava-daemon-pool-playback-1-thread-1] c.s.l.c.natives.NativeLibraryLoader      : Native library libmpg123-0: loading with filter com.sedmelluq.discord.lavaplayer.natives.ConnectorNativeLibLoader$$Lambda$553/0x00000008406ff840@3e3069c4
2021-08-09 17:16:29.866  INFO 46982 --- [lava-daemon-pool-playback-1-thread-1] c.s.l.c.natives.NativeLibraryLoader      : Native library connector: loading with filter null
2021-08-09 17:16:29.873  INFO 46982 --- [lava-daemon-pool-playback-1-thread-1] c.s.l.c.natives.NativeLibraryLoader      : Native library connector: successfully loaded.
2021-08-09 17:17:55.079  INFO 46982 --- [XNIO-1 task-6] l.server.player.AudioLoaderRestHandler   : Got request to load for identifier "ytsearch:?sk"
2021-08-09 17:17:56.886  INFO 46982 --- [lava-daemon-pool-info-loader-2-thread-1] lavalink.server.player.AudioLoader       : Loaded playlist Search results for: ?sk
2021-08-09 17:18:00.164  INFO 46982 --- [XNIO-1 I/O-1] lavalink.server.io.SocketServer          : {"op":"pause","guildId":"830061600458801213","pause":true}
2021-08-09 17:18:00.167  INFO 46982 --- [XNIO-1 I/O-1] lavalink.server.io.SocketServer          : {"op":"destroy","guildId":"830061600458801213"}
2021-08-09 17:19:14.273  INFO 46982 --- [XNIO-1 I/O-1] lavalink.server.io.SocketServer          : {"op":"volume","guildId":"830061600458801213","volume":50}
2021-08-09 17:19:14.274  INFO 46982 --- [XNIO-1 I/O-1] lavalink.server.io.SocketServer          : {"op":"equalizer","guildId":"830061600458801213","bands":[{"band":0,"gain":0.25},{"band":1,"gain":0.025},{"band":2,"gain":0.0125},{"band":3,"gain":0},{"band":4,"gain":0},{"band":5,"gain":-0.0125},{"band":6,"gain":-0.025},{"band":7,"gain":-0.0175},{"band":8,"gain":0},{"band":9,"gain":0},{"band":10,"gain":0.0125},{"band":11,"gain":0.025},{"band":12,"gain":0.25},{"band":13,"gain":0.125},{"band":14,"gain":0.125}]}
2021-08-09 17:19:14.275  INFO 46982 --- [XNIO-1 I/O-1] lavalink.server.io.SocketServer          : {"op":"volume","guildId":"830061600458801213","volume":100}
2021-08-09 17:19:14.276  INFO 46982 --- [XNIO-1 task-8] l.server.player.AudioLoaderRestHandler   : Got request to load for identifier "https://open.spotify.com/playlist/7Mooxj96DIZqOLe4KCUa0M?si=4abcd8b8bc90486b"
2021-08-09 17:19:14.276  INFO 46982 --- [XNIO-1 I/O-1] lavalink.server.io.SocketServer          : {"op":"stop","guildId":"830061600458801213"}
2021-08-09 17:19:15.708  INFO 46982 --- [XNIO-1 I/O-1] lavalink.server.io.SocketServer          : {"sessionId":"e996cdbd7a58f0f887a7c4b2ad8d052d","op":"voiceUpdate","guildId":"830061600458801213","event":{"token":"958732e8f0f4a364","guild_id":"830061600458801213","endpoint":"india10009.discord.media:443"}}
2021-08-09 17:19:16.306  INFO 46982 --- [XNIO-1 I/O-1] lavalink.server.io.SocketServer          : {"sessionId":"e996cdbd7a58f0f887a7c4b2ad8d052d","op":"voiceUpdate","guildId":"830061600458801213","event":{"token":"958732e8f0f4a364","guild_id":"830061600458801213","endpoint":"india10009.discord.media:443"}}
2021-08-09 17:19:16.733 ERROR 46982 --- [lava-daemon-pool-info-loader-2-thread-1] lavalink.server.player.AudioLoader       : Load failed

com.sedmelluq.discord.lavaplayer.tools.FriendlyException: Unknown file format.
	at com.sedmelluq.discord.lavaplayer.source.ProbingAudioSourceManager.handleLoadResult(ProbingAudioSourceManager.java:34) ~[lavaplayer-1.3.78.jar!/:na]
	at com.sedmelluq.discord.lavaplayer.source.http.HttpAudioSourceManager.loadItem(HttpAudioSourceManager.java:81) ~[lavaplayer-1.3.78.jar!/:na]
	at com.sedmelluq.discord.lavaplayer.player.DefaultAudioPlayerManager.checkSourcesForItemOnce(DefaultAudioPlayerManager.java:436) ~[lavaplayer-1.3.78.jar!/:na]
	at com.sedmelluq.discord.lavaplayer.player.DefaultAudioPlayerManager.checkSourcesForItem(DefaultAudioPlayerManager.java:418) ~[lavaplayer-1.3.78.jar!/:na]
	at com.sedmelluq.discord.lavaplayer.player.DefaultAudioPlayerManager.lambda$createItemLoader$0(DefaultAudioPlayerManager.java:217) ~[lavaplayer-1.3.78.jar!/:na]
	at java.base/java.util.concurrent.FutureTask.run(FutureTask.java:264) ~[na:na]
	at java.base/java.util.concurrent.ThreadPoolExecutor.runWorker(ThreadPoolExecutor.java:1128) ~[na:na]
	at java.base/java.util.concurrent.ThreadPoolExecutor$Worker.run(ThreadPoolExecutor.java:628) ~[na:na]
	at java.base/java.lang.Thread.run(Thread.java:829) ~[na:na]
	Suppressed: com.sedmelluq.discord.lavaplayer.tools.exception.EnvironmentInformation: 
  lavaplayer.version: 1.3.78
  os.arch: amd64
  os.name: Linux
  os.version: 4.18.0-305.10.2.el8_4.x86_64
  java.vendor: Red Hat, Inc.
  java.version: 11.0.12
  java.runtime.version: 11.0.12+7-LTS
  java.vm.version: 11.0.12+7-LTS

2021-08-09 17:19:16.734 ERROR 46982 --- [lava-daemon-pool-info-loader-2-thread-1] l.server.player.AudioLoaderRestHandler   : Track loading failed

com.sedmelluq.discord.lavaplayer.tools.FriendlyException: Unknown file format.
	at com.sedmelluq.discord.lavaplayer.source.ProbingAudioSourceManager.handleLoadResult(ProbingAudioSourceManager.java:34) ~[lavaplayer-1.3.78.jar!/:na]
	at com.sedmelluq.discord.lavaplayer.source.http.HttpAudioSourceManager.loadItem(HttpAudioSourceManager.java:81) ~[lavaplayer-1.3.78.jar!/:na]
	at com.sedmelluq.discord.lavaplayer.player.DefaultAudioPlayerManager.checkSourcesForItemOnce(DefaultAudioPlayerManager.java:436) ~[lavaplayer-1.3.78.jar!/:na]
	at com.sedmelluq.discord.lavaplayer.player.DefaultAudioPlayerManager.checkSourcesForItem(DefaultAudioPlayerManager.java:418) ~[lavaplayer-1.3.78.jar!/:na]
	at com.sedmelluq.discord.lavaplayer.player.DefaultAudioPlayerManager.lambda$createItemLoader$0(DefaultAudioPlayerManager.java:217) ~[lavaplayer-1.3.78.jar!/:na]
	at java.base/java.util.concurrent.FutureTask.run(FutureTask.java:264) ~[na:na]
	at java.base/java.util.concurrent.ThreadPoolExecutor.runWorker(ThreadPoolExecutor.java:1128) ~[na:na]
	at java.base/java.util.concurrent.ThreadPoolExecutor$Worker.run(ThreadPoolExecutor.java:628) ~[na:na]
	at java.base/java.lang.Thread.run(Thread.java:829) ~[na:na]
	Suppressed: com.sedmelluq.discord.lavaplayer.tools.exception.EnvironmentInformation: 
  lavaplayer.version: 1.3.78
  os.arch: amd64
  os.name: Linux
  os.version: 4.18.0-305.10.2.el8_4.x86_64
  java.vendor: Red Hat, Inc.
  java.version: 11.0.12
  java.runtime.version: 11.0.12+7-LTS
  java.vm.version: 11.0.12+7-LTS

2021-08-09 17:19:29.482  INFO 46982 --- [XNIO-1 task-10] l.server.player.AudioLoaderRestHandler   : Got request to load for identifier "https://open.spotify.com/playlist/7Mooxj96DIZqOLe4KCUa0M?si=4abcd8b8bc90486b"
2021-08-09 17:19:30.286 ERROR 46982 --- [lava-daemon-pool-info-loader-2-thread-1] lavalink.server.player.AudioLoader       : Load failed

com.sedmelluq.discord.lavaplayer.tools.FriendlyException: Unknown file format.
	at com.sedmelluq.discord.lavaplayer.source.ProbingAudioSourceManager.handleLoadResult(ProbingAudioSourceManager.java:34) ~[lavaplayer-1.3.78.jar!/:na]
	at com.sedmelluq.discord.lavaplayer.source.http.HttpAudioSourceManager.loadItem(HttpAudioSourceManager.java:81) ~[lavaplayer-1.3.78.jar!/:na]
	at com.sedmelluq.discord.lavaplayer.player.DefaultAudioPlayerManager.checkSourcesForItemOnce(DefaultAudioPlayerManager.java:436) ~[lavaplayer-1.3.78.jar!/:na]
	at com.sedmelluq.discord.lavaplayer.player.DefaultAudioPlayerManager.checkSourcesForItem(DefaultAudioPlayerManager.java:418) ~[lavaplayer-1.3.78.jar!/:na]
	at com.sedmelluq.discord.lavaplayer.player.DefaultAudioPlayerManager.lambda$createItemLoader$0(DefaultAudioPlayerManager.java:217) ~[lavaplayer-1.3.78.jar!/:na]
	at java.base/java.util.concurrent.FutureTask.run(FutureTask.java:264) ~[na:na]
	at java.base/java.util.concurrent.ThreadPoolExecutor.runWorker(ThreadPoolExecutor.java:1128) ~[na:na]
	at java.base/java.util.concurrent.ThreadPoolExecutor$Worker.run(ThreadPoolExecutor.java:628) ~[na:na]
	at java.base/java.lang.Thread.run(Thread.java:829) ~[na:na]
	Suppressed: com.sedmelluq.discord.lavaplayer.tools.exception.EnvironmentInformation: 
  lavaplayer.version: 1.3.78
  os.arch: amd64
  os.name: Linux
  os.version: 4.18.0-305.10.2.el8_4.x86_64
  java.vendor: Red Hat, Inc.
  java.version: 11.0.12
  java.runtime.version: 11.0.12+7-LTS
  java.vm.version: 11.0.12+7-LTS

2021-08-09 17:19:30.287 ERROR 46982 --- [lava-daemon-pool-info-loader-2-thread-1] l.server.player.AudioLoaderRestHandler   : Track loading failed

com.sedmelluq.discord.lavaplayer.tools.FriendlyException: Unknown file format.
	at com.sedmelluq.discord.lavaplayer.source.ProbingAudioSourceManager.handleLoadResult(ProbingAudioSourceManager.java:34) ~[lavaplayer-1.3.78.jar!/:na]
	at com.sedmelluq.discord.lavaplayer.source.http.HttpAudioSourceManager.loadItem(HttpAudioSourceManager.java:81) ~[lavaplayer-1.3.78.jar!/:na]
	at com.sedmelluq.discord.lavaplayer.player.DefaultAudioPlayerManager.checkSourcesForItemOnce(DefaultAudioPlayerManager.java:436) ~[lavaplayer-1.3.78.jar!/:na]
	at com.sedmelluq.discord.lavaplayer.player.DefaultAudioPlayerManager.checkSourcesForItem(DefaultAudioPlayerManager.java:418) ~[lavaplayer-1.3.78.jar!/:na]
	at com.sedmelluq.discord.lavaplayer.player.DefaultAudioPlayerManager.lambda$createItemLoader$0(DefaultAudioPlayerManager.java:217) ~[lavaplayer-1.3.78.jar!/:na]
	at java.base/java.util.concurrent.FutureTask.run(FutureTask.java:264) ~[na:na]
	at java.base/java.util.concurrent.ThreadPoolExecutor.runWorker(ThreadPoolExecutor.java:1128) ~[na:na]
	at java.base/java.util.concurrent.ThreadPoolExecutor$Worker.run(ThreadPoolExecutor.java:628) ~[na:na]
	at java.base/java.lang.Thread.run(Thread.java:829) ~[na:na]
	Suppressed: com.sedmelluq.discord.lavaplayer.tools.exception.EnvironmentInformation: 
  lavaplayer.version: 1.3.78
  os.arch: amd64
  os.name: Linux
  os.version: 4.18.0-305.10.2.el8_4.x86_64
  java.vendor: Red Hat, Inc.
  java.version: 11.0.12
  java.runtime.version: 11.0.12+7-LTS
  java.vm.version: 11.0.12+7-LTS

2021-08-09 17:19:43.945  INFO 46982 --- [XNIO-1 task-12] l.server.player.AudioLoaderRestHandler   : Got request to load for identifier "ytsearch:ncs top"
2021-08-09 17:19:45.270  INFO 46982 --- [lava-daemon-pool-info-loader-2-thread-1] lavalink.server.player.AudioLoader       : Loaded playlist Search results for: ncs top
2021-08-09 17:19:45.306  INFO 46982 --- [XNIO-1 I/O-1] lavalink.server.io.SocketServer          : {"op":"play","guildId":"830061600458801213","track":"QAAApwIAQlRvcCAyMCBNb3N0IFBvcHVsYXIgU29uZ3MgYnkgTkNTIHwgQmVzdCBvZiBOQ1MgfCBNb3N0IFZpZXdlZCBTb25ncwALTXVzaWMgU3RvcmUAAAAAAEKimAALLU9iZHZNa0NLd3MAAQAraHR0cHM6Ly93d3cueW91dHViZS5jb20vd2F0Y2g/dj0tT2Jkdk1rQ0t3cwAHeW91dHViZQAAAAAAAAAA"}
2021-08-09 17:22:24.724  INFO 46982 --- [XNIO-1 I/O-1] lavalink.server.io.SocketServer          : {"op":"volume","guildId":"830061600458801213","volume":110}
2021-08-09 17:22:34.766  INFO 46982 --- [XNIO-1 task-14] l.server.player.AudioLoaderRestHandler   : Got request to load for identifier "https://www.youtube.com/watch?v=-ObdvMkCKws&list=RD-ObdvMkCKws"
2021-08-09 17:22:35.833  INFO 46982 --- [lava-daemon-pool-info-loader-2-thread-1] lavalink.server.player.AudioLoader       : Loaded playlist Mix - Top 20 Most Popular Songs by NCS | Best of NCS | Most Viewed Songs
2021-08-09 17:22:35.841  INFO 46982 --- [XNIO-1 I/O-1] lavalink.server.io.SocketServer          : {"op":"play","guildId":"830061600458801213","track":"QAAApwIAQlRvcCAyMCBNb3N0IFBvcHVsYXIgU29uZ3MgYnkgTkNTIHwgQmVzdCBvZiBOQ1MgfCBNb3N0IFZpZXdlZCBTb25ncwALTXVzaWMgU3RvcmUAAAAAAEKimAALLU9iZHZNa0NLd3MAAQAraHR0cHM6Ly93d3cueW91dHViZS5jb20vd2F0Y2g/dj0tT2Jkdk1rQ0t3cwAHeW91dHViZQAAAAAAAAAA"}
2021-08-09 17:22:51.923  INFO 46982 --- [XNIO-1 I/O-1] lavalink.server.io.SocketServer          : {"op":"seek","guildId":"830061600458801213","position":0}
2021-08-09 17:22:55.317  INFO 46982 --- [XNIO-1 I/O-1] lavalink.server.io.SocketServer          : {"op":"seek","guildId":"830061600458801213","position":20000}
2021-08-09 17:23:29.920  INFO 46982 --- [XNIO-1 I/O-1] lavalink.server.io.SocketServer          : {"op":"volume","guildId":"830061600458801213","volume":0}
2021-08-09 17:23:36.826  INFO 46982 --- [XNIO-1 I/O-1] lavalink.server.io.SocketServer          : {"op":"volume","guildId":"830061600458801213","volume":50}
2021-08-09 17:23:38.997  INFO 46982 --- [XNIO-1 I/O-1] lavalink.server.io.SocketServer          : {"op":"volume","guildId":"830061600458801213","volume":60}
2021-08-09 17:34:17.167  INFO 46982 --- [XNIO-1 I/O-1] lavalink.server.io.SocketServer          : {"op":"pause","guildId":"830061600458801213","pause":true}
2021-08-09 17:34:17.205  INFO 46982 --- [XNIO-1 I/O-1] lavalink.server.io.SocketServer          : {"op":"destroy","guildId":"830061600458801213"}
2021-08-09 17:42:06.284  INFO 46982 --- [XNIO-1 I/O-1] lavalink.server.io.SocketServer          : Connection closed from /127.0.0.1:49224 -- CloseStatus[code=1006, reason=]
2021-08-09 17:42:06.284  INFO 46982 --- [XNIO-1 I/O-1] lavalink.server.io.SocketContext         : Shutting down 0 playing players.
2021-08-09 17:42:16.996  INFO 46982 --- [XNIO-1 task-16] l.server.io.HandshakeInterceptorImpl     : Incoming connection from /127.0.0.1:49770
2021-08-09 17:42:17.056  INFO 46982 --- [XNIO-1 task-16] lavalink.server.io.SocketServer          : Connection successfully established from /127.0.0.1:49770
2021-08-09 17:42:46.703  INFO 46982 --- [XNIO-1 I/O-3] lavalink.server.io.SocketServer          : Connection closed from /127.0.0.1:49770 -- CloseStatus[code=1006, reason=]
2021-08-09 17:42:46.704  INFO 46982 --- [XNIO-1 I/O-3] lavalink.server.io.SocketContext         : Shutting down 0 playing players.
2021-08-09 17:43:57.311  INFO 46982 --- [XNIO-1 task-17] l.server.io.HandshakeInterceptorImpl     : Incoming connection from /127.0.0.1:49814
2021-08-09 17:43:57.315  INFO 46982 --- [XNIO-1 task-17] lavalink.server.io.SocketServer          : Connection successfully established from /127.0.0.1:49814
2021-08-09 17:48:06.359  INFO 46982 --- [XNIO-1 I/O-3] lavalink.server.io.SocketServer          : Connection closed from /127.0.0.1:49814 -- CloseStatus[code=1006, reason=]
2021-08-09 17:48:06.359  INFO 46982 --- [XNIO-1 I/O-3] lavalink.server.io.SocketContext         : Shutting down 0 playing players.
2021-08-09 17:48:09.736  INFO 46982 --- [XNIO-1 task-18] l.server.io.HandshakeInterceptorImpl     : Incoming connection from /127.0.0.1:49958
2021-08-09 17:48:09.739  INFO 46982 --- [XNIO-1 task-18] lavalink.server.io.SocketServer          : Connection successfully established from /127.0.0.1:49958
2021-08-09 17:56:46.122  INFO 46982 --- [XNIO-1 I/O-3] lavalink.server.io.SocketServer          : {"op":"volume","guildId":"830061600458801213","volume":50}
2021-08-09 17:56:46.124  INFO 46982 --- [XNIO-1 I/O-3] lavalink.server.io.SocketServer          : {"op":"equalizer","guildId":"830061600458801213","bands":[{"band":0,"gain":0.25},{"band":1,"gain":0.025},{"band":2,"gain":0.0125},{"band":3,"gain":0},{"band":4,"gain":0},{"band":5,"gain":-0.0125},{"band":6,"gain":-0.025},{"band":7,"gain":-0.0175},{"band":8,"gain":0},{"band":9,"gain":0},{"band":10,"gain":0.0125},{"band":11,"gain":0.025},{"band":12,"gain":0.25},{"band":13,"gain":0.125},{"band":14,"gain":0.125}]}
2021-08-09 17:56:46.129  INFO 46982 --- [XNIO-1 I/O-3] lavalink.server.io.SocketServer          : {"op":"volume","guildId":"830061600458801213","volume":100}
2021-08-09 17:56:46.129  INFO 46982 --- [XNIO-1 I/O-3] lavalink.server.io.SocketServer          : {"op":"stop","guildId":"830061600458801213"}
2021-08-09 17:56:46.146  INFO 46982 --- [XNIO-1 task-19] l.server.player.AudioLoaderRestHandler   : Got request to load for identifier "ytsearch:open.spotify.com/playlist/7Mooxj96DIZqOLe4KCUa0M?si=98f32514107c4ae3"
2021-08-09 17:56:47.541  INFO 46982 --- [XNIO-1 I/O-3] lavalink.server.io.SocketServer          : {"sessionId":"196ae77913dfe3751372a1eefd25e2ec","op":"voiceUpdate","guildId":"830061600458801213","event":{"token":"51272189f2886afb","guild_id":"830061600458801213","endpoint":"india10009.discord.media:443"}}
2021-08-09 17:56:47.543  INFO 46982 --- [XNIO-1 I/O-3] lavalink.server.io.SocketServer          : {"sessionId":"196ae77913dfe3751372a1eefd25e2ec","op":"voiceUpdate","guildId":"830061600458801213","event":{"token":"51272189f2886afb","guild_id":"830061600458801213","endpoint":"india10009.discord.media:443"}}
2021-08-09 17:56:50.219  INFO 46982 --- [lava-daemon-pool-info-loader-2-thread-1] lavalink.server.player.AudioLoader       : No matches found
2021-08-09 18:28:41.377  INFO 46982 --- [XNIO-1 I/O-3] lavalink.server.io.SocketServer          : Connection closed from /127.0.0.1:49958 -- CloseStatus[code=1006, reason=]
2021-08-09 18:28:41.377  INFO 46982 --- [XNIO-1 I/O-3] lavalink.server.io.SocketContext         : Shutting down 0 playing players.
2021-08-09 18:28:48.082  INFO 46982 --- [XNIO-1 task-21] l.server.io.HandshakeInterceptorImpl     : Incoming connection from /127.0.0.1:50712
2021-08-09 18:28:48.086  INFO 46982 --- [XNIO-1 task-21] lavalink.server.io.SocketServer          : Connection successfully established from /127.0.0.1:50712
2021-08-09 20:32:32.118  INFO 46982 --- [XNIO-1 I/O-1] lavalink.server.io.SocketServer          : Connection closed from /127.0.0.1:50712 -- CloseStatus[code=1006, reason=]
2021-08-09 20:32:32.118  INFO 46982 --- [XNIO-1 I/O-1] lavalink.server.io.SocketContext         : Shutting down 0 playing players.
2021-08-09 20:32:35.731  INFO 46982 --- [XNIO-1 task-22] l.server.io.HandshakeInterceptorImpl     : Incoming connection from /127.0.0.1:51952
2021-08-09 20:32:35.798  INFO 46982 --- [XNIO-1 task-22] lavalink.server.io.SocketServer          : Connection successfully established from /127.0.0.1:51952
2021-08-09 20:32:53.018  INFO 46982 --- [XNIO-1 I/O-1] lavalink.server.io.SocketServer          : {"op":"volume","guildId":"830061600458801213","volume":50}
2021-08-09 20:32:53.019  INFO 46982 --- [XNIO-1 I/O-1] lavalink.server.io.SocketServer          : {"op":"equalizer","guildId":"830061600458801213","bands":[{"band":0,"gain":0.25},{"band":1,"gain":0.025},{"band":2,"gain":0.0125},{"band":3,"gain":0},{"band":4,"gain":0},{"band":5,"gain":-0.0125},{"band":6,"gain":-0.025},{"band":7,"gain":-0.0175},{"band":8,"gain":0},{"band":9,"gain":0},{"band":10,"gain":0.0125},{"band":11,"gain":0.025},{"band":12,"gain":0.25},{"band":13,"gain":0.125},{"band":14,"gain":0.125}]}
2021-08-09 20:32:53.022  INFO 46982 --- [XNIO-1 I/O-1] lavalink.server.io.SocketServer          : {"op":"volume","guildId":"830061600458801213","volume":100}
2021-08-09 20:32:53.024  INFO 46982 --- [XNIO-1 I/O-1] lavalink.server.io.SocketServer          : {"op":"stop","guildId":"830061600458801213"}
2021-08-09 20:32:53.050  INFO 46982 --- [XNIO-1 task-23] l.server.player.AudioLoaderRestHandler   : Got request to load for identifier "ytsearch:ncs top songs"
2021-08-09 20:32:54.349  INFO 46982 --- [XNIO-1 I/O-1] lavalink.server.io.SocketServer          : {"sessionId":"4bdf7c89d33a6e6faaccb3ee07b8fcac","op":"voiceUpdate","guildId":"830061600458801213","event":{"token":"7cf6adaebf68f610","guild_id":"830061600458801213","endpoint":"india10003.discord.media:443"}}
2021-08-09 20:32:54.438  INFO 46982 --- [XNIO-1 I/O-1] lavalink.server.io.SocketServer          : {"sessionId":"4bdf7c89d33a6e6faaccb3ee07b8fcac","op":"voiceUpdate","guildId":"830061600458801213","event":{"token":"7cf6adaebf68f610","guild_id":"830061600458801213","endpoint":"india10003.discord.media:443"}}
2021-08-09 20:32:54.830  INFO 46982 --- [lava-daemon-pool-info-loader-2-thread-1] lavalink.server.player.AudioLoader       : Loaded playlist Search results for: ncs top songs
2021-08-09 20:32:54.860  INFO 46982 --- [XNIO-1 I/O-1] lavalink.server.io.SocketServer          : {"op":"play","guildId":"830061600458801213","track":"QAAAjwIALFRvcCAxMCBNb3N0IFBvcHVsYXIgU29uZ3MgYnkgTkNTIHwgRXBpc29kZSAxAAlMaW1vbiBOQ1MAAAAAACSuoAALZVVSLURyVEdOd3MAAQAraHR0cHM6Ly93d3cueW91dHViZS5jb20vd2F0Y2g/dj1lVVItRHJUR053cwAHeW91dHViZQAAAAAAAAAA"}
2021-08-09 20:34:41.971  INFO 46982 --- [XNIO-1 I/O-1] lavalink.server.io.SocketServer          : {"op":"seek","guildId":"830061600458801213","position":82720}
2021-08-09 20:40:54.779  INFO 46982 --- [XNIO-1 I/O-1] lavalink.server.io.SocketServer          : Connection closed from /127.0.0.1:51952 -- CloseStatus[code=1006, reason=]
2021-08-09 20:40:54.779  INFO 46982 --- [XNIO-1 I/O-1] lavalink.server.io.SocketContext         : Shutting down 1 playing players.
2021-08-09 20:41:06.516  INFO 46982 --- [XNIO-1 task-25] l.server.io.HandshakeInterceptorImpl     : Incoming connection from /127.0.0.1:52096
2021-08-09 20:41:06.519  INFO 46982 --- [XNIO-1 task-25] lavalink.server.io.SocketServer          : Connection successfully established from /127.0.0.1:52096
2021-08-09 21:02:33.618  INFO 46982 --- [XNIO-1 I/O-1] lavalink.server.io.SocketServer          : {"op":"volume","guildId":"846277973174255646","volume":50}
2021-08-09 21:02:33.619  INFO 46982 --- [XNIO-1 I/O-1] lavalink.server.io.SocketServer          : {"op":"equalizer","guildId":"846277973174255646","bands":[{"band":0,"gain":0.25},{"band":1,"gain":0.025},{"band":2,"gain":0.0125},{"band":3,"gain":0},{"band":4,"gain":0},{"band":5,"gain":-0.0125},{"band":6,"gain":-0.025},{"band":7,"gain":-0.0175},{"band":8,"gain":0},{"band":9,"gain":0},{"band":10,"gain":0.0125},{"band":11,"gain":0.025},{"band":12,"gain":0.25},{"band":13,"gain":0.125},{"band":14,"gain":0.125}]}
2021-08-09 21:02:33.622  INFO 46982 --- [XNIO-1 I/O-1] lavalink.server.io.SocketServer          : {"op":"volume","guildId":"846277973174255646","volume":100}
2021-08-09 21:02:33.623  INFO 46982 --- [XNIO-1 I/O-1] lavalink.server.io.SocketServer          : {"op":"stop","guildId":"846277973174255646"}
2021-08-09 21:02:33.685  INFO 46982 --- [XNIO-1 task-26] l.server.player.AudioLoaderRestHandler   : Got request to load for identifier "ytsearch:ignite"
2021-08-09 21:02:34.190  INFO 46982 --- [XNIO-1 I/O-1] lavalink.server.io.SocketServer          : {"sessionId":"09597ae80edecdb97228d872dd493c8b","op":"voiceUpdate","guildId":"846277973174255646","event":{"token":"addba3b05546c134","guild_id":"846277973174255646","endpoint":"india3631.discord.media:443"}}
2021-08-09 21:02:35.049  INFO 46982 --- [XNIO-1 I/O-1] lavalink.server.io.SocketServer          : {"sessionId":"09597ae80edecdb97228d872dd493c8b","op":"voiceUpdate","guildId":"846277973174255646","event":{"token":"addba3b05546c134","guild_id":"846277973174255646","endpoint":"india3631.discord.media:443"}}
2021-08-09 21:02:35.704  INFO 46982 --- [lava-daemon-pool-info-loader-2-thread-1] lavalink.server.player.AudioLoader       : Loaded playlist Search results for: ignite
2021-08-09 21:02:35.719  INFO 46982 --- [XNIO-1 I/O-1] lavalink.server.io.SocketServer          : {"op":"play","guildId":"846277973174255646","track":"QAAAmgIAO0stMzkxICYgQWxhbiBXYWxrZXIgLSBJZ25pdGUgKGZlYXQuIEp1bGllIEJlcmdhbiAmIFNldW5ncmkpAAVLLTM5MQAAAAAAA4JwAAtBei1tR1ItQ2VoWQABACtodHRwczovL3d3dy55b3V0dWJlLmNvbS93YXRjaD92PUF6LW1HUi1DZWhZAAd5b3V0dWJlAAAAAAAAAAA="}
2021-08-09 21:02:52.493  INFO 46982 --- [XNIO-1 task-28] l.server.player.AudioLoaderRestHandler   : Got request to load for identifier "ytsearch:?owner"
2021-08-09 21:02:53.775  INFO 46982 --- [lava-daemon-pool-info-loader-2-thread-1] lavalink.server.player.AudioLoader       : Loaded playlist Search results for: ?owner
2021-08-09 21:06:26.794  INFO 46982 --- [XNIO-1 I/O-1] lavalink.server.io.SocketServer          : {"op":"play","guildId":"846277973174255646","track":"QAAAiAIAHE93bmVyIC0gRGV4dGEgRGFwcyAgKEx5cmljcykAElRoZW9yZXRpY2FsIEx5cmljcwAAAAAAAzBoAAthMU54MHNLR25aWQABACtodHRwczovL3d3dy55b3V0dWJlLmNvbS93YXRjaD92PWExTngwc0tHblpZAAd5b3V0dWJlAAAAAAAAAAA="}
2021-08-09 21:07:07.132  INFO 46982 --- [XNIO-1 I/O-1] lavalink.server.io.SocketServer          : {"op":"pause","guildId":"846277973174255646","pause":true}
2021-08-09 21:07:07.133  INFO 46982 --- [XNIO-1 I/O-1] lavalink.server.io.SocketServer          : {"op":"destroy","guildId":"846277973174255646"}
2021-08-09 21:07:33.481  INFO 46982 --- [XNIO-1 I/O-1] lavalink.server.io.SocketServer          : Connection closed from /127.0.0.1:52096 -- CloseStatus[code=1006, reason=]
2021-08-09 21:07:33.481  INFO 46982 --- [XNIO-1 I/O-1] lavalink.server.io.SocketContext         : Shutting down 0 playing players.
2021-08-09 21:07:37.478  INFO 46982 --- [XNIO-1 task-30] l.server.io.HandshakeInterceptorImpl     : Incoming connection from /127.0.0.1:52208
2021-08-09 21:07:37.483  INFO 46982 --- [XNIO-1 task-30] lavalink.server.io.SocketServer          : Connection successfully established from /127.0.0.1:52208
2021-08-09 21:08:00.189  INFO 46982 --- [XNIO-1 I/O-1] lavalink.server.io.SocketServer          : Connection closed from /127.0.0.1:52208 -- CloseStatus[code=1006, reason=]
2021-08-09 21:08:00.189  INFO 46982 --- [XNIO-1 I/O-1] lavalink.server.io.SocketContext         : Shutting down 0 playing players.
2021-08-09 21:08:03.756  INFO 46982 --- [XNIO-1 task-31] l.server.io.HandshakeInterceptorImpl     : Incoming connection from /127.0.0.1:52226
2021-08-09 21:08:03.759  INFO 46982 --- [XNIO-1 task-31] lavalink.server.io.SocketServer          : Connection successfully established from /127.0.0.1:52226
2021-08-09 21:14:30.731  INFO 46982 --- [XNIO-1 I/O-3] lavalink.server.io.SocketServer          : Connection closed from /127.0.0.1:52226 -- CloseStatus[code=1006, reason=]
2021-08-09 21:14:30.731  INFO 46982 --- [XNIO-1 I/O-3] lavalink.server.io.SocketContext         : Shutting down 0 playing players.
2021-08-09 21:14:35.528  INFO 46982 --- [XNIO-1 task-32] l.server.io.HandshakeInterceptorImpl     : Incoming connection from /127.0.0.1:52306
2021-08-09 21:14:35.531  INFO 46982 --- [XNIO-1 task-32] lavalink.server.io.SocketServer          : Connection successfully established from /127.0.0.1:52306
2021-08-09 21:24:41.867  INFO 46982 --- [XNIO-1 I/O-3] lavalink.server.io.SocketServer          : Connection closed from /127.0.0.1:52306 -- CloseStatus[code=1006, reason=]
2021-08-09 21:24:41.898  INFO 46982 --- [XNIO-1 I/O-3] lavalink.server.io.SocketContext         : Shutting down 0 playing players.
2021-08-09 21:24:45.594  INFO 46982 --- [XNIO-1 task-1] l.server.io.HandshakeInterceptorImpl     : Incoming connection from /127.0.0.1:52384
2021-08-09 21:24:45.597  INFO 46982 --- [XNIO-1 task-1] lavalink.server.io.SocketServer          : Connection successfully established from /127.0.0.1:52384
2021-08-09 21:33:59.907  INFO 46982 --- [XNIO-1 task-2] l.server.io.HandshakeInterceptorImpl     : Incoming connection from /127.0.0.1:52504
2021-08-09 21:33:59.910  INFO 46982 --- [XNIO-1 task-2] lavalink.server.io.SocketServer          : Connection successfully established from /127.0.0.1:52504
2021-08-09 21:34:00.658  INFO 46982 --- [XNIO-1 I/O-1] lavalink.server.io.SocketServer          : Connection closed from /127.0.0.1:52504 -- CloseStatus[code=1006, reason=]
2021-08-09 21:34:00.659  INFO 46982 --- [XNIO-1 I/O-1] lavalink.server.io.SocketContext         : Shutting down 0 playing players.
2021-08-09 21:34:03.617  INFO 46982 --- [XNIO-1 I/O-1] lavalink.server.io.SocketServer          : Connection closed from /127.0.0.1:52384 -- CloseStatus[code=1006, reason=]
2021-08-09 21:34:03.617  INFO 46982 --- [XNIO-1 I/O-1] lavalink.server.io.SocketContext         : Shutting down 0 playing players.
2021-08-09 21:34:08.088  INFO 46982 --- [XNIO-1 task-3] l.server.io.HandshakeInterceptorImpl     : Incoming connection from /127.0.0.1:52510
2021-08-09 21:34:08.093  INFO 46982 --- [XNIO-1 task-3] lavalink.server.io.SocketServer          : Connection successfully established from /127.0.0.1:52510
